<?xml version="1.0" encoding="UTF-8"?>
<!-- Generated by org.testng.reporters.JUnitReportReporter -->
<testsuite hostname="Lokesh-Baraskar" failures="0" tests="1" name="MYTestNG.NewprojectwithtestNG.SecondTestNG" time="0.006" errors="0" timestamp="2022-08-26T15:24:32 IST" skipped="0">
  <testcase classname="MYTestNG.NewprojectwithtestNG.SecondTestNG" name="Test" time="0.006"/>
  <system-out/>
</testsuite> <!-- MYTestNG.NewprojectwithtestNG.SecondTestNG -->
