<?xml version="1.0" encoding="UTF-8"?>
<!-- Generated by org.testng.reporters.JUnitReportReporter -->
<testsuite hostname="Lokesh-Baraskar" failures="0" tests="2" name="MYTestNG.NewprojectwithtestNG.firstTestNG" time="0.012" errors="0" timestamp="2022-08-26T15:24:03 IST" skipped="0">
  <testcase classname="MYTestNG.NewprojectwithtestNG.firstTestNG" name="Test2" time="0.001"/>
  <system-out/>
  <testcase classname="MYTestNG.NewprojectwithtestNG.firstTestNG" name="Test1" time="0.011"/>
  <system-out/>
</testsuite> <!-- MYTestNG.NewprojectwithtestNG.firstTestNG -->
